ISim log file
Running: E:\Desktop\p77\p77\p77\mips_txt_isim_beh.exe -intstyle ise -gui -tclbatch isim.cmd -wdb E:/Desktop/p77/p77/p77/mips_txt_isim_beh.wdb 
ISim P.20131013 (signature 0x7708f090)
This is a Full version of ISim.
Time resolution is 1 ps
# onerror resume
# wave add /
# run 1000 ns
Simulator is doing circuit initialization process.
Finished circuit initialization process.
                  38@00003004: *00000000 <= 00007f00
                  38@00003000: $ 8 <= 00007f00
                  46@0000300c: *00000004 <= 00007f10
                  46@00003008: $ 8 <= 00007f10
                  54@00003010: $ 8 <= 00000000
                  58@00003014: $28 <= 00000000
                  62@00003018: $29 <= 00000f00
                  70@00003020: $ 8 <= 00000008
                  74@00003024: $ 9 <= 0000000c
                  94@00004180: $ 1 <= 00000002
                  98@00004184: $ 1 <= 00003028
                 102@00004188: $ 1 <= 00001014
                 106@00004190: *00000ffc <= 00000f00
                 106@0000418c: $26 <= 00001000
                 114@00004194: $26 <= 00000f00
                 118@00004198: $29 <= 00000f00
                 126@00004464: *00000f08 <= 00000000
                 130@00004468: *00000f0c <= 00000000
                 134@0000446c: *00000f10 <= 00000000
                 138@00004470: *00000f14 <= 00000000
                 142@00004474: *00000f18 <= 00000000
                 146@00004478: *00000f1c <= 00000000
                 150@0000447c: *00000f20 <= 00000008
                 154@00004480: *00000f24 <= 0000000c
                 158@00004484: *00000f28 <= 00000000
                 162@00004488: *00000f2c <= 00000000
                 166@0000448c: *00000f30 <= 00000000
                 170@00004490: *00000f34 <= 00000000
                 174@00004494: *00000f38 <= 00000000
                 178@00004498: *00000f3c <= 00000000
                 182@0000449c: *00000f40 <= 00000000
                 186@000044a0: *00000f44 <= 00000000
                 190@000044a4: *00000f48 <= 00000000
                 194@000044a8: *00000f4c <= 00000000
                 198@000044ac: *00000f50 <= 00000000
                 202@000044b0: *00000f54 <= 00000000
                 206@000044b4: *00000f58 <= 00000000
                 210@000044b8: *00000f5c <= 00000000
                 214@000044bc: *00000f60 <= 00000000
                 218@000044c0: *00000f64 <= 00000000
                 222@000044c4: *00000f70 <= 00000000
                 226@000044c8: *00000f74 <= 00000f00
                 230@000044cc: *00000f78 <= 00000000
                 234@000044d0: *00000f7c <= 00000000
                 242@000044d8: *00000f80 <= 00000000
                 242@000044d4: $26 <= 00000000
                 250@000044e0: *00000f84 <= 00000000
                 250@000044dc: $26 <= 00000000
                 266@00004228: $26 <= 00000014
                 274@0000422c: $26 <= 00000014
                 278@00004230: $26 <= 00000005
                 282@00004234: $27 <= 00000000
                 298@00004240: $27 <= 00000004
                 314@0000424c: $27 <= 00000005
                 330@000043dc: $ 8 <= 00003028
                 334@000043e0: $26 <= 00000014
                 338@000043e4: $10 <= 80000000
                 342@000043e8: $11 <= 00000000
                 346@000043ec: $ 8 <= 0000302c
                 370@000044ec: $29 <= 00001000
                 374@000044f0: $29 <= 00000f00
                 378@000044f4: $ 2 <= 00000000
                 382@000044f8: $ 3 <= 00000000
                 386@000044fc: $ 4 <= 00000000
                 390@00004500: $ 5 <= 00000000
                 394@00004504: $ 6 <= 00000000
                 398@00004508: $ 7 <= 00000000
                 402@0000450c: $ 8 <= 00000008
                 406@00004510: $ 9 <= 0000000c
                 410@00004514: $10 <= 00000000
                 414@00004518: $11 <= 00000000
                 418@0000451c: $12 <= 00000000
                 422@00004520: $13 <= 00000000
                 426@00004524: $14 <= 00000000
                 430@00004528: $15 <= 00000000
                 434@0000452c: $16 <= 00000000
                 438@00004530: $17 <= 00000000
                 442@00004534: $18 <= 00000000
                 446@00004538: $19 <= 00000000
                 450@0000453c: $20 <= 00000000
                 454@00004540: $21 <= 00000000
                 458@00004544: $22 <= 00000000
                 462@00004548: $23 <= 00000000
                 466@0000454c: $24 <= 00000000
                 470@00004550: $25 <= 00000000
                 474@00004554: $28 <= 00000000
                 478@00004558: $30 <= 00000000
                 482@0000455c: $31 <= 00000000
                 486@00004560: $26 <= 00000000
                 498@00004568: $26 <= 00000000
                 510@00004570: $29 <= 00000f00
                 514@00004574: $ 1 <= 00000001
                 546@00004180: $ 1 <= 00000002
                 550@00004184: $ 1 <= 0000302c
                 554@00004188: $ 1 <= 00000014
                 558@00004190: *00000ffc <= 00000f00
                 558@0000418c: $26 <= 00001000
                 566@00004194: $26 <= 00000f00
                 570@00004198: $29 <= 00000f00
                 578@00004464: *00000f08 <= 00000000
                 582@00004468: *00000f0c <= 00000000
                 586@0000446c: *00000f10 <= 00000000
                 590@00004470: *00000f14 <= 00000000
                 594@00004474: *00000f18 <= 00000000
                 598@00004478: *00000f1c <= 00000000
                 602@0000447c: *00000f20 <= 00000008
                 606@00004480: *00000f24 <= 0000000c
                 610@00004484: *00000f28 <= 00000000
                 614@00004488: *00000f2c <= 00000000
                 618@0000448c: *00000f30 <= 00000000
                 622@00004490: *00000f34 <= 00000000
                 626@00004494: *00000f38 <= 00000000
                 630@00004498: *00000f3c <= 00000000
                 634@0000449c: *00000f40 <= 00000000
                 638@000044a0: *00000f44 <= 00000000
                 642@000044a4: *00000f48 <= 00000000
                 646@000044a8: *00000f4c <= 00000000
                 650@000044ac: *00000f50 <= 00000000
                 654@000044b0: *00000f54 <= 00000000
                 658@000044b4: *00000f58 <= 00000000
                 662@000044b8: *00000f5c <= 00000000
                 666@000044bc: *00000f60 <= 00000000
                 670@000044c0: *00000f64 <= 00000000
                 674@000044c4: *00000f70 <= 00000000
                 678@000044c8: *00000f74 <= 00000f00
                 682@000044cc: *00000f78 <= 00000000
                 686@000044d0: *00000f7c <= 00000000
                 694@000044d8: *00000f80 <= 00000000
                 694@000044d4: $26 <= 00000000
                 702@000044e0: *00000f84 <= 00000000
                 702@000044dc: $26 <= 00000000
                 718@00004228: $26 <= 00000014
                 726@0000422c: $26 <= 00000014
                 730@00004230: $26 <= 00000005
                 734@00004234: $27 <= 00000000
                 750@00004240: $27 <= 00000004
                 766@0000424c: $27 <= 00000005
                 782@000043dc: $ 8 <= 0000302c
                 786@000043e0: $26 <= 00000014
                 790@000043e4: $10 <= 80000000
                 794@000043e8: $11 <= 00000000
                 798@000043ec: $ 8 <= 00003030
                 822@000044ec: $29 <= 00001000
                 826@000044f0: $29 <= 00000f00
                 830@000044f4: $ 2 <= 00000000
                 834@000044f8: $ 3 <= 00000000
                 838@000044fc: $ 4 <= 00000000
                 842@00004500: $ 5 <= 00000000
                 846@00004504: $ 6 <= 00000000
                 850@00004508: $ 7 <= 00000000
                 854@0000450c: $ 8 <= 00000008
                 858@00004510: $ 9 <= 0000000c
                 862@00004514: $10 <= 00000000
                 866@00004518: $11 <= 00000000
                 870@0000451c: $12 <= 00000000
                 874@00004520: $13 <= 00000000
                 878@00004524: $14 <= 00000000
                 882@00004528: $15 <= 00000000
                 886@0000452c: $16 <= 00000000
                 890@00004530: $17 <= 00000000
                 894@00004534: $18 <= 00000000
                 898@00004538: $19 <= 00000000
                 902@0000453c: $20 <= 00000000
                 906@00004540: $21 <= 00000000
                 910@00004544: $22 <= 00000000
                 914@00004548: $23 <= 00000000
                 918@0000454c: $24 <= 00000000
                 922@00004550: $25 <= 00000000
                 926@00004554: $28 <= 00000000
                 930@00004558: $30 <= 00000000
                 934@0000455c: $31 <= 00000000
                 938@00004560: $26 <= 00000000
                 950@00004568: $26 <= 00000000
                 962@00004570: $29 <= 00000f00
                 966@00004574: $ 1 <= 00000001
                 998@00004180: $ 1 <= 00000002
# run 1.00us
                1002@00004184: $ 1 <= 00003030
                1006@00004188: $ 1 <= 00000014
                1010@00004190: *00000ffc <= 00000f00
                1010@0000418c: $26 <= 00001000
                1018@00004194: $26 <= 00000f00
                1022@00004198: $29 <= 00000f00
                1030@00004464: *00000f08 <= 00000000
                1034@00004468: *00000f0c <= 00000000
                1038@0000446c: *00000f10 <= 00000000
                1042@00004470: *00000f14 <= 00000000
                1046@00004474: *00000f18 <= 00000000
                1050@00004478: *00000f1c <= 00000000
                1054@0000447c: *00000f20 <= 00000008
                1058@00004480: *00000f24 <= 0000000c
                1062@00004484: *00000f28 <= 00000000
                1066@00004488: *00000f2c <= 00000000
                1070@0000448c: *00000f30 <= 00000000
                1074@00004490: *00000f34 <= 00000000
                1078@00004494: *00000f38 <= 00000000
                1082@00004498: *00000f3c <= 00000000
                1086@0000449c: *00000f40 <= 00000000
                1090@000044a0: *00000f44 <= 00000000
                1094@000044a4: *00000f48 <= 00000000
                1098@000044a8: *00000f4c <= 00000000
                1102@000044ac: *00000f50 <= 00000000
                1106@000044b0: *00000f54 <= 00000000
                1110@000044b4: *00000f58 <= 00000000
                1114@000044b8: *00000f5c <= 00000000
                1118@000044bc: *00000f60 <= 00000000
                1122@000044c0: *00000f64 <= 00000000
                1126@000044c4: *00000f70 <= 00000000
                1130@000044c8: *00000f74 <= 00000f00
                1134@000044cc: *00000f78 <= 00000000
                1138@000044d0: *00000f7c <= 00000000
                1146@000044d8: *00000f80 <= 00000000
                1146@000044d4: $26 <= 00000000
                1154@000044e0: *00000f84 <= 00000000
                1154@000044dc: $26 <= 00000000
                1170@00004228: $26 <= 00000014
                1178@0000422c: $26 <= 00000014
                1182@00004230: $26 <= 00000005
                1186@00004234: $27 <= 00000000
                1202@00004240: $27 <= 00000004
                1218@0000424c: $27 <= 00000005
                1234@000043dc: $ 8 <= 00003030
                1238@000043e0: $26 <= 00000014
                1242@000043e4: $10 <= 80000000
                1246@000043e8: $11 <= 00000000
                1250@000043ec: $ 8 <= 00003034
                1274@000044ec: $29 <= 00001000
                1278@000044f0: $29 <= 00000f00
                1282@000044f4: $ 2 <= 00000000
                1286@000044f8: $ 3 <= 00000000
                1290@000044fc: $ 4 <= 00000000
                1294@00004500: $ 5 <= 00000000
                1298@00004504: $ 6 <= 00000000
                1302@00004508: $ 7 <= 00000000
                1306@0000450c: $ 8 <= 00000008
                1310@00004510: $ 9 <= 0000000c
                1314@00004514: $10 <= 00000000
                1318@00004518: $11 <= 00000000
                1322@0000451c: $12 <= 00000000
                1326@00004520: $13 <= 00000000
                1330@00004524: $14 <= 00000000
                1334@00004528: $15 <= 00000000
                1338@0000452c: $16 <= 00000000
                1342@00004530: $17 <= 00000000
                1346@00004534: $18 <= 00000000
                1350@00004538: $19 <= 00000000
                1354@0000453c: $20 <= 00000000
                1358@00004540: $21 <= 00000000
                1362@00004544: $22 <= 00000000
                1366@00004548: $23 <= 00000000
                1370@0000454c: $24 <= 00000000
                1374@00004550: $25 <= 00000000
                1378@00004554: $28 <= 00000000
                1382@00004558: $30 <= 00000000
                1386@0000455c: $31 <= 00000000
                1390@00004560: $26 <= 00000000
                1402@00004568: $26 <= 00000000
                1414@00004570: $29 <= 00000f00
                1418@00004574: $ 1 <= 00000001
                1430@00003034: *0000000c <= 00000000
                1454@00004180: $ 1 <= 00000002
                1458@00004184: $ 1 <= 00003038
                1462@00004188: $ 1 <= 00000014
                1466@00004190: *00000ffc <= 00000f00
                1466@0000418c: $26 <= 00001000
                1474@00004194: $26 <= 00000f00
                1478@00004198: $29 <= 00000f00
                1486@00004464: *00000f08 <= 00000000
                1490@00004468: *00000f0c <= 00000000
                1494@0000446c: *00000f10 <= 00000000
                1498@00004470: *00000f14 <= 00000000
                1502@00004474: *00000f18 <= 00000000
                1506@00004478: *00000f1c <= 00000000
                1510@0000447c: *00000f20 <= 00000008
                1514@00004480: *00000f24 <= 0000000c
                1518@00004484: *00000f28 <= 00000000
                1522@00004488: *00000f2c <= 00000000
                1526@0000448c: *00000f30 <= 00000000
                1530@00004490: *00000f34 <= 00000000
                1534@00004494: *00000f38 <= 00000000
                1538@00004498: *00000f3c <= 00000000
                1542@0000449c: *00000f40 <= 00000000
                1546@000044a0: *00000f44 <= 00000000
                1550@000044a4: *00000f48 <= 00000000
                1554@000044a8: *00000f4c <= 00000000
                1558@000044ac: *00000f50 <= 00000000
                1562@000044b0: *00000f54 <= 00000000
                1566@000044b4: *00000f58 <= 00000000
                1570@000044b8: *00000f5c <= 00000000
                1574@000044bc: *00000f60 <= 00000000
                1578@000044c0: *00000f64 <= 00000000
                1582@000044c4: *00000f70 <= 00000000
                1586@000044c8: *00000f74 <= 00000f00
                1590@000044cc: *00000f78 <= 00000000
                1594@000044d0: *00000f7c <= 00000000
                1602@000044d8: *00000f80 <= 00000000
                1602@000044d4: $26 <= 00000000
                1610@000044e0: *00000f84 <= 00000000
                1610@000044dc: $26 <= 00000000
                1626@00004228: $26 <= 00000014
                1634@0000422c: $26 <= 00000014
                1638@00004230: $26 <= 00000005
                1642@00004234: $27 <= 00000000
                1658@00004240: $27 <= 00000004
                1674@0000424c: $27 <= 00000005
                1690@000043dc: $ 8 <= 00003038
                1694@000043e0: $26 <= 00000014
                1698@000043e4: $10 <= 80000000
                1702@000043e8: $11 <= 00000000
                1706@000043ec: $ 8 <= 0000303c
                1730@000044ec: $29 <= 00001000
                1734@000044f0: $29 <= 00000f00
                1738@000044f4: $ 2 <= 00000000
                1742@000044f8: $ 3 <= 00000000
                1746@000044fc: $ 4 <= 00000000
                1750@00004500: $ 5 <= 00000000
                1754@00004504: $ 6 <= 00000000
                1758@00004508: $ 7 <= 00000000
                1762@0000450c: $ 8 <= 00000008
                1766@00004510: $ 9 <= 0000000c
                1770@00004514: $10 <= 00000000
                1774@00004518: $11 <= 00000000
                1778@0000451c: $12 <= 00000000
                1782@00004520: $13 <= 00000000
                1786@00004524: $14 <= 00000000
                1790@00004528: $15 <= 00000000
                1794@0000452c: $16 <= 00000000
                1798@00004530: $17 <= 00000000
                1802@00004534: $18 <= 00000000
                1806@00004538: $19 <= 00000000
                1810@0000453c: $20 <= 00000000
                1814@00004540: $21 <= 00000000
                1818@00004544: $22 <= 00000000
                1822@00004548: $23 <= 00000000
                1826@0000454c: $24 <= 00000000
                1830@00004550: $25 <= 00000000
                1834@00004554: $28 <= 00000000
                1838@00004558: $30 <= 00000000
                1842@0000455c: $31 <= 00000000
                1846@00004560: $26 <= 00000000
                1858@00004568: $26 <= 00000000
                1870@00004570: $29 <= 00000f00
                1874@00004574: $ 1 <= 00000001
                1906@00004180: $ 1 <= 00000002
                1910@00004184: $ 1 <= 0000303c
                1914@00004188: $ 1 <= 00000014
                1918@00004190: *00000ffc <= 00000f00
                1918@0000418c: $26 <= 00001000
                1926@00004194: $26 <= 00000f00
                1930@00004198: $29 <= 00000f00
                1938@00004464: *00000f08 <= 00000000
                1942@00004468: *00000f0c <= 00000000
                1946@0000446c: *00000f10 <= 00000000
                1950@00004470: *00000f14 <= 00000000
                1954@00004474: *00000f18 <= 00000000
                1958@00004478: *00000f1c <= 00000000
                1962@0000447c: *00000f20 <= 00000008
                1966@00004480: *00000f24 <= 0000000c
                1970@00004484: *00000f28 <= 00000000
                1974@00004488: *00000f2c <= 00000000
                1978@0000448c: *00000f30 <= 00000000
                1982@00004490: *00000f34 <= 00000000
                1986@00004494: *00000f38 <= 00000000
                1990@00004498: *00000f3c <= 00000000
                1994@0000449c: *00000f40 <= 00000000
                1998@000044a0: *00000f44 <= 00000000
# run 1.00us
                2002@000044a4: *00000f48 <= 00000000
                2006@000044a8: *00000f4c <= 00000000
                2010@000044ac: *00000f50 <= 00000000
                2014@000044b0: *00000f54 <= 00000000
                2018@000044b4: *00000f58 <= 00000000
                2022@000044b8: *00000f5c <= 00000000
                2026@000044bc: *00000f60 <= 00000000
                2030@000044c0: *00000f64 <= 00000000
                2034@000044c4: *00000f70 <= 00000000
                2038@000044c8: *00000f74 <= 00000f00
                2042@000044cc: *00000f78 <= 00000000
                2046@000044d0: *00000f7c <= 00000000
                2054@000044d8: *00000f80 <= 00000000
                2054@000044d4: $26 <= 00000000
                2062@000044e0: *00000f84 <= 00000000
                2062@000044dc: $26 <= 00000000
                2078@00004228: $26 <= 00000014
                2086@0000422c: $26 <= 00000014
                2090@00004230: $26 <= 00000005
                2094@00004234: $27 <= 00000000
                2110@00004240: $27 <= 00000004
                2126@0000424c: $27 <= 00000005
                2142@000043dc: $ 8 <= 0000303c
                2146@000043e0: $26 <= 00000014
                2150@000043e4: $10 <= 80000000
                2154@000043e8: $11 <= 00000000
                2158@000043ec: $ 8 <= 00003040
                2182@000044ec: $29 <= 00001000
                2186@000044f0: $29 <= 00000f00
                2190@000044f4: $ 2 <= 00000000
                2194@000044f8: $ 3 <= 00000000
                2198@000044fc: $ 4 <= 00000000
                2202@00004500: $ 5 <= 00000000
                2206@00004504: $ 6 <= 00000000
                2210@00004508: $ 7 <= 00000000
                2214@0000450c: $ 8 <= 00000008
                2218@00004510: $ 9 <= 0000000c
                2222@00004514: $10 <= 00000000
                2226@00004518: $11 <= 00000000
                2230@0000451c: $12 <= 00000000
                2234@00004520: $13 <= 00000000
                2238@00004524: $14 <= 00000000
                2242@00004528: $15 <= 00000000
                2246@0000452c: $16 <= 00000000
                2250@00004530: $17 <= 00000000
                2254@00004534: $18 <= 00000000
                2258@00004538: $19 <= 00000000
                2262@0000453c: $20 <= 00000000
                2266@00004540: $21 <= 00000000
                2270@00004544: $22 <= 00000000
                2274@00004548: $23 <= 00000000
                2278@0000454c: $24 <= 00000000
                2282@00004550: $25 <= 00000000
                2286@00004554: $28 <= 00000000
                2290@00004558: $30 <= 00000000
                2294@0000455c: $31 <= 00000000
                2298@00004560: $26 <= 00000000
                2310@00004568: $26 <= 00000000
                2322@00004570: $29 <= 00000f00
                2326@00004574: $ 1 <= 00000001
                2358@00004180: $ 1 <= 00000002
                2362@00004184: $ 1 <= 00003040
                2366@00004188: $ 1 <= 00000014
                2370@00004190: *00000ffc <= 00000f00
                2370@0000418c: $26 <= 00001000
                2378@00004194: $26 <= 00000f00
                2382@00004198: $29 <= 00000f00
                2390@00004464: *00000f08 <= 00000000
                2394@00004468: *00000f0c <= 00000000
                2398@0000446c: *00000f10 <= 00000000
                2402@00004470: *00000f14 <= 00000000
                2406@00004474: *00000f18 <= 00000000
                2410@00004478: *00000f1c <= 00000000
                2414@0000447c: *00000f20 <= 00000008
                2418@00004480: *00000f24 <= 0000000c
                2422@00004484: *00000f28 <= 00000000
                2426@00004488: *00000f2c <= 00000000
                2430@0000448c: *00000f30 <= 00000000
                2434@00004490: *00000f34 <= 00000000
                2438@00004494: *00000f38 <= 00000000
                2442@00004498: *00000f3c <= 00000000
                2446@0000449c: *00000f40 <= 00000000
                2450@000044a0: *00000f44 <= 00000000
                2454@000044a4: *00000f48 <= 00000000
                2458@000044a8: *00000f4c <= 00000000
                2462@000044ac: *00000f50 <= 00000000
                2466@000044b0: *00000f54 <= 00000000
                2470@000044b4: *00000f58 <= 00000000
                2474@000044b8: *00000f5c <= 00000000
                2478@000044bc: *00000f60 <= 00000000
                2482@000044c0: *00000f64 <= 00000000
                2486@000044c4: *00000f70 <= 00000000
                2490@000044c8: *00000f74 <= 00000f00
                2494@000044cc: *00000f78 <= 00000000
                2498@000044d0: *00000f7c <= 00000000
                2506@000044d8: *00000f80 <= 00000000
                2506@000044d4: $26 <= 00000000
                2514@000044e0: *00000f84 <= 00000000
                2514@000044dc: $26 <= 00000000
                2530@00004228: $26 <= 00000014
                2538@0000422c: $26 <= 00000014
                2542@00004230: $26 <= 00000005
                2546@00004234: $27 <= 00000000
                2562@00004240: $27 <= 00000004
                2578@0000424c: $27 <= 00000005
                2594@000043dc: $ 8 <= 00003040
                2598@000043e0: $26 <= 00000014
                2602@000043e4: $10 <= 80000000
                2606@000043e8: $11 <= 00000000
                2610@000043ec: $ 8 <= 00003044
                2634@000044ec: $29 <= 00001000
                2638@000044f0: $29 <= 00000f00
                2642@000044f4: $ 2 <= 00000000
                2646@000044f8: $ 3 <= 00000000
                2650@000044fc: $ 4 <= 00000000
                2654@00004500: $ 5 <= 00000000
                2658@00004504: $ 6 <= 00000000
                2662@00004508: $ 7 <= 00000000
                2666@0000450c: $ 8 <= 00000008
                2670@00004510: $ 9 <= 0000000c
                2674@00004514: $10 <= 00000000
                2678@00004518: $11 <= 00000000
                2682@0000451c: $12 <= 00000000
                2686@00004520: $13 <= 00000000
                2690@00004524: $14 <= 00000000
                2694@00004528: $15 <= 00000000
                2698@0000452c: $16 <= 00000000
                2702@00004530: $17 <= 00000000
                2706@00004534: $18 <= 00000000
                2710@00004538: $19 <= 00000000
                2714@0000453c: $20 <= 00000000
                2718@00004540: $21 <= 00000000
                2722@00004544: $22 <= 00000000
                2726@00004548: $23 <= 00000000
                2730@0000454c: $24 <= 00000000
                2734@00004550: $25 <= 00000000
                2738@00004554: $28 <= 00000000
                2742@00004558: $30 <= 00000000
                2746@0000455c: $31 <= 00000000
                2750@00004560: $26 <= 00000000
                2762@00004568: $26 <= 00000000
                2774@00004570: $29 <= 00000f00
                2778@00004574: $ 1 <= 00000001
                2790@00003044: *00000008 <= 00000000
                2814@00004180: $ 1 <= 00000002
                2818@00004184: $ 1 <= 00003048
                2822@00004188: $ 1 <= 00000014
                2826@00004190: *00000ffc <= 00000f00
                2826@0000418c: $26 <= 00001000
                2834@00004194: $26 <= 00000f00
                2838@00004198: $29 <= 00000f00
                2846@00004464: *00000f08 <= 00000000
                2850@00004468: *00000f0c <= 00000000
                2854@0000446c: *00000f10 <= 00000000
                2858@00004470: *00000f14 <= 00000000
                2862@00004474: *00000f18 <= 00000000
                2866@00004478: *00000f1c <= 00000000
                2870@0000447c: *00000f20 <= 00000008
                2874@00004480: *00000f24 <= 0000000c
                2878@00004484: *00000f28 <= 00000000
                2882@00004488: *00000f2c <= 00000000
                2886@0000448c: *00000f30 <= 00000000
                2890@00004490: *00000f34 <= 00000000
                2894@00004494: *00000f38 <= 00000000
                2898@00004498: *00000f3c <= 00000000
                2902@0000449c: *00000f40 <= 00000000
                2906@000044a0: *00000f44 <= 00000000
                2910@000044a4: *00000f48 <= 00000000
                2914@000044a8: *00000f4c <= 00000000
                2918@000044ac: *00000f50 <= 00000000
                2922@000044b0: *00000f54 <= 00000000
                2926@000044b4: *00000f58 <= 00000000
                2930@000044b8: *00000f5c <= 00000000
                2934@000044bc: *00000f60 <= 00000000
                2938@000044c0: *00000f64 <= 00000000
                2942@000044c4: *00000f70 <= 00000000
                2946@000044c8: *00000f74 <= 00000f00
                2950@000044cc: *00000f78 <= 00000000
                2954@000044d0: *00000f7c <= 00000000
                2962@000044d8: *00000f80 <= 00000000
                2962@000044d4: $26 <= 00000000
                2970@000044e0: *00000f84 <= 00000000
                2970@000044dc: $26 <= 00000000
                2986@00004228: $26 <= 00000014
                2994@0000422c: $26 <= 00000014
                2998@00004230: $26 <= 00000005
# run 1.00us
                3002@00004234: $27 <= 00000000
                3018@00004240: $27 <= 00000004
                3034@0000424c: $27 <= 00000005
                3050@000043dc: $ 8 <= 00003048
                3054@000043e0: $26 <= 00000014
                3058@000043e4: $10 <= 80000000
                3062@000043e8: $11 <= 00000000
                3066@000043ec: $ 8 <= 0000304c
                3090@000044ec: $29 <= 00001000
                3094@000044f0: $29 <= 00000f00
                3098@000044f4: $ 2 <= 00000000
                3102@000044f8: $ 3 <= 00000000
                3106@000044fc: $ 4 <= 00000000
                3110@00004500: $ 5 <= 00000000
                3114@00004504: $ 6 <= 00000000
                3118@00004508: $ 7 <= 00000000
                3122@0000450c: $ 8 <= 00000008
                3126@00004510: $ 9 <= 0000000c
                3130@00004514: $10 <= 00000000
                3134@00004518: $11 <= 00000000
                3138@0000451c: $12 <= 00000000
                3142@00004520: $13 <= 00000000
                3146@00004524: $14 <= 00000000
                3150@00004528: $15 <= 00000000
                3154@0000452c: $16 <= 00000000
                3158@00004530: $17 <= 00000000
                3162@00004534: $18 <= 00000000
                3166@00004538: $19 <= 00000000
                3170@0000453c: $20 <= 00000000
                3174@00004540: $21 <= 00000000
                3178@00004544: $22 <= 00000000
                3182@00004548: $23 <= 00000000
                3186@0000454c: $24 <= 00000000
                3190@00004550: $25 <= 00000000
                3194@00004554: $28 <= 00000000
                3198@00004558: $30 <= 00000000
                3202@0000455c: $31 <= 00000000
                3206@00004560: $26 <= 00000000
                3218@00004568: $26 <= 00000000
                3230@00004570: $29 <= 00000f00
                3234@00004574: $ 1 <= 00000001
                3246@0000304c: *00000008 <= 00000000
                3270@00004180: $ 1 <= 00000002
                3274@00004184: $ 1 <= 00003050
                3278@00004188: $ 1 <= 00000014
                3282@00004190: *00000ffc <= 00000f00
                3282@0000418c: $26 <= 00001000
                3290@00004194: $26 <= 00000f00
                3294@00004198: $29 <= 00000f00
                3302@00004464: *00000f08 <= 00000000
                3306@00004468: *00000f0c <= 00000000
                3310@0000446c: *00000f10 <= 00000000
                3314@00004470: *00000f14 <= 00000000
                3318@00004474: *00000f18 <= 00000000
                3322@00004478: *00000f1c <= 00000000
                3326@0000447c: *00000f20 <= 00000008
                3330@00004480: *00000f24 <= 0000000c
                3334@00004484: *00000f28 <= 00000000
                3338@00004488: *00000f2c <= 00000000
                3342@0000448c: *00000f30 <= 00000000
                3346@00004490: *00000f34 <= 00000000
                3350@00004494: *00000f38 <= 00000000
                3354@00004498: *00000f3c <= 00000000
                3358@0000449c: *00000f40 <= 00000000
                3362@000044a0: *00000f44 <= 00000000
                3366@000044a4: *00000f48 <= 00000000
                3370@000044a8: *00000f4c <= 00000000
                3374@000044ac: *00000f50 <= 00000000
                3378@000044b0: *00000f54 <= 00000000
                3382@000044b4: *00000f58 <= 00000000
                3386@000044b8: *00000f5c <= 00000000
                3390@000044bc: *00000f60 <= 00000000
                3394@000044c0: *00000f64 <= 00000000
                3398@000044c4: *00000f70 <= 00000000
                3402@000044c8: *00000f74 <= 00000f00
                3406@000044cc: *00000f78 <= 00000000
                3410@000044d0: *00000f7c <= 00000000
                3418@000044d8: *00000f80 <= 00000000
                3418@000044d4: $26 <= 00000000
                3426@000044e0: *00000f84 <= 00000000
                3426@000044dc: $26 <= 00000000
                3442@00004228: $26 <= 00000014
                3450@0000422c: $26 <= 00000014
                3454@00004230: $26 <= 00000005
                3458@00004234: $27 <= 00000000
                3474@00004240: $27 <= 00000004
                3490@0000424c: $27 <= 00000005
                3506@000043dc: $ 8 <= 00003050
                3510@000043e0: $26 <= 00000014
                3514@000043e4: $10 <= 80000000
                3518@000043e8: $11 <= 00000000
                3522@000043ec: $ 8 <= 00003054
                3546@000044ec: $29 <= 00001000
                3550@000044f0: $29 <= 00000f00
                3554@000044f4: $ 2 <= 00000000
                3558@000044f8: $ 3 <= 00000000
                3562@000044fc: $ 4 <= 00000000
                3566@00004500: $ 5 <= 00000000
                3570@00004504: $ 6 <= 00000000
                3574@00004508: $ 7 <= 00000000
                3578@0000450c: $ 8 <= 00000008
                3582@00004510: $ 9 <= 0000000c
                3586@00004514: $10 <= 00000000
                3590@00004518: $11 <= 00000000
                3594@0000451c: $12 <= 00000000
                3598@00004520: $13 <= 00000000
                3602@00004524: $14 <= 00000000
                3606@00004528: $15 <= 00000000
                3610@0000452c: $16 <= 00000000
                3614@00004530: $17 <= 00000000
                3618@00004534: $18 <= 00000000
                3622@00004538: $19 <= 00000000
                3626@0000453c: $20 <= 00000000
                3630@00004540: $21 <= 00000000
                3634@00004544: $22 <= 00000000
                3638@00004548: $23 <= 00000000
                3642@0000454c: $24 <= 00000000
                3646@00004550: $25 <= 00000000
                3650@00004554: $28 <= 00000000
                3654@00004558: $30 <= 00000000
                3658@0000455c: $31 <= 00000000
                3662@00004560: $26 <= 00000000
                3674@00004568: $26 <= 00000000
                3686@00004570: $29 <= 00000f00
                3690@00004574: $ 1 <= 00000001
                3702@00003054: *0000000c <= 00000000
                3726@00004180: $ 1 <= 00000002
                3730@00004184: $ 1 <= 00003058
                3734@00004188: $ 1 <= 00000014
                3738@00004190: *00000ffc <= 00000f00
                3738@0000418c: $26 <= 00001000
                3746@00004194: $26 <= 00000f00
                3750@00004198: $29 <= 00000f00
                3758@00004464: *00000f08 <= 00000000
                3762@00004468: *00000f0c <= 00000000
                3766@0000446c: *00000f10 <= 00000000
                3770@00004470: *00000f14 <= 00000000
                3774@00004474: *00000f18 <= 00000000
                3778@00004478: *00000f1c <= 00000000
                3782@0000447c: *00000f20 <= 00000008
                3786@00004480: *00000f24 <= 0000000c
                3790@00004484: *00000f28 <= 00000000
                3794@00004488: *00000f2c <= 00000000
                3798@0000448c: *00000f30 <= 00000000
                3802@00004490: *00000f34 <= 00000000
                3806@00004494: *00000f38 <= 00000000
                3810@00004498: *00000f3c <= 00000000
                3814@0000449c: *00000f40 <= 00000000
                3818@000044a0: *00000f44 <= 00000000
                3822@000044a4: *00000f48 <= 00000000
                3826@000044a8: *00000f4c <= 00000000
                3830@000044ac: *00000f50 <= 00000000
                3834@000044b0: *00000f54 <= 00000000
                3838@000044b4: *00000f58 <= 00000000
                3842@000044b8: *00000f5c <= 00000000
                3846@000044bc: *00000f60 <= 00000000
                3850@000044c0: *00000f64 <= 00000000
                3854@000044c4: *00000f70 <= 00000000
                3858@000044c8: *00000f74 <= 00000f00
                3862@000044cc: *00000f78 <= 00000000
                3866@000044d0: *00000f7c <= 00000000
                3874@000044d8: *00000f80 <= 00000000
                3874@000044d4: $26 <= 00000000
                3882@000044e0: *00000f84 <= 00000000
                3882@000044dc: $26 <= 00000000
                3898@00004228: $26 <= 00000014
                3906@0000422c: $26 <= 00000014
                3910@00004230: $26 <= 00000005
                3914@00004234: $27 <= 00000000
                3930@00004240: $27 <= 00000004
                3946@0000424c: $27 <= 00000005
                3962@000043dc: $ 8 <= 00003058
                3966@000043e0: $26 <= 00000014
                3970@000043e4: $10 <= 80000000
                3974@000043e8: $11 <= 00000000
                3978@000043ec: $ 8 <= 0000305c
# run 1.00us
                4002@000044ec: $29 <= 00001000
                4006@000044f0: $29 <= 00000f00
                4010@000044f4: $ 2 <= 00000000
                4014@000044f8: $ 3 <= 00000000
                4018@000044fc: $ 4 <= 00000000
                4022@00004500: $ 5 <= 00000000
                4026@00004504: $ 6 <= 00000000
                4030@00004508: $ 7 <= 00000000
                4034@0000450c: $ 8 <= 00000008
                4038@00004510: $ 9 <= 0000000c
                4042@00004514: $10 <= 00000000
                4046@00004518: $11 <= 00000000
                4050@0000451c: $12 <= 00000000
                4054@00004520: $13 <= 00000000
                4058@00004524: $14 <= 00000000
                4062@00004528: $15 <= 00000000
                4066@0000452c: $16 <= 00000000
                4070@00004530: $17 <= 00000000
                4074@00004534: $18 <= 00000000
                4078@00004538: $19 <= 00000000
                4082@0000453c: $20 <= 00000000
                4086@00004540: $21 <= 00000000
                4090@00004544: $22 <= 00000000
                4094@00004548: $23 <= 00000000
                4098@0000454c: $24 <= 00000000
                4102@00004550: $25 <= 00000000
                4106@00004554: $28 <= 00000000
                4110@00004558: $30 <= 00000000
                4114@0000455c: $31 <= 00000000
                4118@00004560: $26 <= 00000000
                4130@00004568: $26 <= 00000000
                4142@00004570: $29 <= 00000f00
                4146@00004574: $ 1 <= 00000001
                4158@0000305c: *00000008 <= 00000000
                4182@00004180: $ 1 <= 00000002
                4186@00004184: $ 1 <= 00003060
                4190@00004188: $ 1 <= 00000014
                4194@00004190: *00000ffc <= 00000f00
                4194@0000418c: $26 <= 00001000
                4202@00004194: $26 <= 00000f00
                4206@00004198: $29 <= 00000f00
                4214@00004464: *00000f08 <= 00000000
                4218@00004468: *00000f0c <= 00000000
                4222@0000446c: *00000f10 <= 00000000
                4226@00004470: *00000f14 <= 00000000
                4230@00004474: *00000f18 <= 00000000
                4234@00004478: *00000f1c <= 00000000
                4238@0000447c: *00000f20 <= 00000008
                4242@00004480: *00000f24 <= 0000000c
                4246@00004484: *00000f28 <= 00000000
                4250@00004488: *00000f2c <= 00000000
                4254@0000448c: *00000f30 <= 00000000
                4258@00004490: *00000f34 <= 00000000
                4262@00004494: *00000f38 <= 00000000
                4266@00004498: *00000f3c <= 00000000
                4270@0000449c: *00000f40 <= 00000000
                4274@000044a0: *00000f44 <= 00000000
                4278@000044a4: *00000f48 <= 00000000
                4282@000044a8: *00000f4c <= 00000000
                4286@000044ac: *00000f50 <= 00000000
                4290@000044b0: *00000f54 <= 00000000
                4294@000044b4: *00000f58 <= 00000000
                4298@000044b8: *00000f5c <= 00000000
                4302@000044bc: *00000f60 <= 00000000
                4306@000044c0: *00000f64 <= 00000000
                4310@000044c4: *00000f70 <= 00000000
                4314@000044c8: *00000f74 <= 00000f00
                4318@000044cc: *00000f78 <= 00000000
                4322@000044d0: *00000f7c <= 00000000
                4330@000044d8: *00000f80 <= 00000000
                4330@000044d4: $26 <= 00000000
                4338@000044e0: *00000f84 <= 00000000
                4338@000044dc: $26 <= 00000000
                4354@00004228: $26 <= 00000014
                4362@0000422c: $26 <= 00000014
                4366@00004230: $26 <= 00000005
                4370@00004234: $27 <= 00000000
                4386@00004240: $27 <= 00000004
                4402@0000424c: $27 <= 00000005
                4418@000043dc: $ 8 <= 00003060
                4422@000043e0: $26 <= 00000014
                4426@000043e4: $10 <= 80000000
                4430@000043e8: $11 <= 00000000
                4434@000043ec: $ 8 <= 00003064
                4458@000044ec: $29 <= 00001000
                4462@000044f0: $29 <= 00000f00
                4466@000044f4: $ 2 <= 00000000
                4470@000044f8: $ 3 <= 00000000
                4474@000044fc: $ 4 <= 00000000
                4478@00004500: $ 5 <= 00000000
                4482@00004504: $ 6 <= 00000000
                4486@00004508: $ 7 <= 00000000
                4490@0000450c: $ 8 <= 00000008
                4494@00004510: $ 9 <= 0000000c
                4498@00004514: $10 <= 00000000
                4502@00004518: $11 <= 00000000
                4506@0000451c: $12 <= 00000000
                4510@00004520: $13 <= 00000000
                4514@00004524: $14 <= 00000000
                4518@00004528: $15 <= 00000000
                4522@0000452c: $16 <= 00000000
                4526@00004530: $17 <= 00000000
                4530@00004534: $18 <= 00000000
                4534@00004538: $19 <= 00000000
                4538@0000453c: $20 <= 00000000
                4542@00004540: $21 <= 00000000
                4546@00004544: $22 <= 00000000
                4550@00004548: $23 <= 00000000
                4554@0000454c: $24 <= 00000000
                4558@00004550: $25 <= 00000000
                4562@00004554: $28 <= 00000000
                4566@00004558: $30 <= 00000000
                4570@0000455c: $31 <= 00000000
                4574@00004560: $26 <= 00000000
                4586@00004568: $26 <= 00000000
                4598@00004570: $29 <= 00000f00
                4602@00004574: $ 1 <= 00000001
                4614@00003064: *00000008 <= 00000000
# run 1.00us
# run 1.00us
# run 1.00us
# run 1.00us
# run 1.00us
# run 1.00us
# run 1.00us
# run 1.00us
