ISim log file
Running: E:\Desktop\P6\mips_txt_isim_beh.exe -intstyle ise -gui -tclbatch isim.cmd -wdb E:/Desktop/P6/mips_txt_isim_beh.wdb 
ISim P.20131013 (signature 0x7708f090)
This is a Full version of ISim.
Time resolution is 1 ps
# onerror resume
# wave add /
# run 1000 ns
Simulator is doing circuit initialization process.
Finished circuit initialization process.
                  38@00003000: $ 1 <= abcd0000
                  42@00003004: $ 2 <= ffff0000
                  46@00003008: $ 3 <= abcd0001
                  50@0000300c: $ 4 <= ffff0001
                  54@00003010: $ 5 <= fffe0002
                  58@00003014: $ 6 <= 7fff8000
                  62@00003018: $ 7 <= ffff8000
                  66@0000301c: $31 <= 00003024
                  74@0000305c: $ 8 <= 00003024
                  90@00003024: $ 9 <= 00002210
                  94@00003028: $10 <= 00001234
                  98@0000302c: $11 <= ffffcdcb
                 102@00003030: $12 <= ffff6606
                 102@00003034: *00000000 <= 00000006
                 118@00003068: $13 <= 00000001
                 122@0000306c: $14 <= 00000000
                 126@00003070: $15 <= ffff6607
                 130@00003074: $16 <= 000099f8
                 142@00003080: $21 <= 00003024
                 146@00003084: $22 <= 00001812
                 150@00003088: $23 <= 00001813
                 154@0000308c: $24 <= 00001813
                 170@000030f4: $ 1 <= 00000010
                 170@000030f8: *00000014 <= 0000cdcb
                 174@000030fc: *00000018 <= 00000000
                 178@00003100: *00000010 <= 00000001
                 182@00003104: *0000000c <= 30240000
                 186@00003108: *0000000c <= 30243024
                 190@0000310c: *00000014 <= 0024cdcb
                 194@00003110: *00000014 <= 0624cdcb
                 202@00003114: $11 <= 00000001
                 206@00003118: $13 <= 00000000
                 214@0000311c: $ 4 <= 00000001
                 218@00003120: $14 <= 00003024
                 222@00003124: $15 <= 00003024
                 222@00003128: *00000000 <= 00003024
                 226@0000312c: *00000004 <= 30240000
                 234@00003130: $16 <= 00000030
                 234@00003134: *00000004 <= 00001812
                 242@00003138: $ 1 <= 00001812
                 246@0000313c: $ 2 <= 00001812
                 250@00003140: $ 3 <= 00001812
                 250@00003144: *00000000 <= 13003024
                 258@00003148: $23 <= 00000013
                 262@0000314c: $24 <= 00000013
                 266@00003150: $31 <= 00003158
                 274@00003174: $20 <= 00003158
                 290@00003158: $ 4 <= 0000ffff
                 290@0000315c: *00000008 <= ffff0000
                 298@00003160: $ 5 <= 0000ffff
                 302@00003164: $ 6 <= ffffffff
                 310@00003168: $ 7 <= ffffffff
                 326@00003184: $ 3 <= 00001813
                 330@00003188: $ 4 <= 00018130
                 334@0000318c: $ 5 <= 00000604
                 338@00003190: $ 6 <= 00000604
                 342@00003194: $ 7 <= 0000060c
                 346@00003198: $ 1 <= 00000001
                 350@0000319c: $ 8 <= 0000060b
                 354@000031a0: $ 9 <= 00003058
                 358@000031a4: $10 <= 000000c1
                 362@000031a8: $11 <= 000000c1
                 366@000031ac: $12 <= 00000000
                 370@000031b0: $13 <= 00000001
                 374@000031b4: $14 <= 00000000
                 378@000031b8: $15 <= 00018ac0
                 382@000031bc: $16 <= 0000062b
                 386@000031c0: $17 <= 0000062b
                 406@000031d8: *00000000 <= 00000000
                 414@000031dc: $18 <= 00000008
                 418@000031e0: $19 <= 00000020
                 422@000031e4: $20 <= 00000002
                 426@000031e8: $21 <= 00000002
                 430@000031ec: $22 <= 00000000
                 434@000031f0: $ 1 <= f0f00000
                 438@000031f4: $ 2 <= 0f000000
                 442@000031f8: $ 3 <= ff0f0000
                 446@000031fc: $ 4 <= 0f0f0000
                 450@00003200: $ 1 <= 0000fabc
                 454@00003204: $ 2 <= 000fabc0
                 458@00003208: $ 3 <= 00000fab
                 462@0000320c: $ 4 <= 00000fab
                 466@00003210: $ 5 <= 000fabc1
                 470@00003214: $ 6 <= 00000fad
                 474@00003218: $ 1 <= 00000002
                 474@0000321c: *00000004 <= 00000002
                 478@00003220: *00000008 <= 00000002
                 486@00003224: $ 2 <= 0000000a
                 486@00003228: *00000004 <= 000a0002
                 490@0000322c: *00000008 <= 000a0002
                 498@00003230: $ 3 <= ffff0000
                 502@00003234: $ 3 <= ffff1234
                 502@00003238: *00000000 <= 00000034
                 506@0000323c: *00000000 <= 00003434
                 510@00003240: *00000000 <= 00343434
                 514@00003244: *00000000 <= 34343434
                 522@00003248: $ 4 <= 00000004
                 522@0000324c: *00000004 <= 000a00c0
                 526@00003250: *00000004 <= 000a8ac0
                 530@00003254: *00000004 <= 00018ac0
                 538@00003258: $13 <= ffffffcb
                 542@0000325c: $14 <= ffffffcd
                 550@00003260: $15 <= ffffffd0
                 554@00003264: $16 <= ffffffc2
                 558@00003268: $17 <= 000000cb
                 562@0000326c: $18 <= 000000cd
                 570@00003270: $19 <= 00000000
                 574@00003274: $20 <= 00000001
                 578@00003278: $ 9 <= ffff8ac0
                 582@0000327c: $10 <= 00000001
                 586@00003280: $11 <= 00000000
                 590@00003284: $12 <= ffff8ac2
