Running: D:\XilinxISE\14.7\ISE_DS\ISE\bin\nt64\unwrapped\fuse.exe -nodebug -prj mips.prj -o mips.exe tb 
ISim P.20131013 (signature 0x7708f090)
Number of CPUs detected in this system: 8
Turning on mult-threading, number of parallel sub-compilation jobs: 16 
Determining compilation order of HDL files
Analyzing Verilog file "E:\Desktop\P4\ALU.v" into library work
Analyzing Verilog file "E:\Desktop\P4\CTRL.v" into library work
Analyzing Verilog file "E:\Desktop\P4\DASM.v" into library work
Analyzing Verilog file "E:\Desktop\P4\DATAPATH.v" into library work
Analyzing Verilog file "E:\Desktop\P4\DM.v" into library work
Analyzing Verilog file "E:\Desktop\P4\EXT.v" into library work
Analyzing Verilog file "E:\Desktop\P4\GRF.v" into library work
Analyzing Verilog file "E:\Desktop\P4\header.v" into library work
Analyzing Verilog file "E:\Desktop\P4\IM.v" into library work
Analyzing Verilog file "E:\Desktop\P4\mips.v" into library work
Analyzing Verilog file "E:\Desktop\P4\NPC.v" into library work
Analyzing Verilog file "E:\Desktop\P4\PC.v" into library work
Analyzing Verilog file "E:\Desktop\P4\tb.v" into library work
Starting static elaboration
Completed static elaboration
Compiling module CTRL
Compiling module PC
Compiling module NPC
Compiling module IM
Compiling module GRF
Compiling module EXT
Compiling module ALU
Compiling module DM
Compiling module DATAPATH
Compiling module mips
Compiling module tb
Time Resolution for simulation is 1ps.
Waiting for 1 sub-compilation(s) to finish...
Compiled 11 Verilog Units
Built simulation executable mips.exe
Fuse Memory Usage: 30040 KB
Fuse CPU Usage: 1484 ms
